This is pdfTeX, Version 3.141592653-2.6-1.40.26 (TeX Live 2024) (preloaded format=pdflatex 2024.11.26)  7 DEC 2024 15:15
entering extended mode
 restricted \write18 enabled.
 %&-line parsing enabled.
**

! Emergency stop.
<*> 
    
End of file on the terminal!

 
Here is how much of TeX's memory you used:
 3 strings out of 474116
 104 string characters out of 5743681
 1925187 words of memory out of 5000000
 22465 multiletter control sequences out of 15000+600000
 558069 words of font info for 36 fonts, out of 8000000 for 9000
 1141 hyphenation exceptions out of 8191
 0i,0n,0p,15b,6s stack positions out of 10000i,1000n,20000p,200000b,200000s
!  ==> Fatal error occurred, no output PDF file produced!

Fitting 5 folds for each of 50 candidates, totalling 250 fits
[CV 1/5] END ........C=0.1, gamma=1, kernel=rbf;, score=0.504 total time=  10.3s
[CV 2/5] END ........C=0.1, gamma=1, kernel=rbf;, score=0.504 total time=   8.9s
[CV 3/5] END ........C=0.1, gamma=1, kernel=rbf;, score=0.504 total time=   8.9s
[CV 4/5] END ........C=0.1, gamma=1, kernel=rbf;, score=0.504 total time=   9.0s
[CV 5/5] END ........C=0.1, gamma=1, kernel=rbf;, score=0.504 total time=   9.2s
[CV 1/5] END .....C=0.1, gamma=1, kernel=linear;, score=0.683 total time=  11.4s
[CV 2/5] END .....C=0.1, gamma=1, kernel=linear;, score=0.589 total time=  11.6s
[CV 3/5] END .....C=0.1, gamma=1, kernel=linear;, score=0.670 total time=  10.3s
[CV 4/5] END .....C=0.1, gamma=1, kernel=linear;, score=0.644 total time=   9.6s
[CV 5/5] END .....C=0.1, gamma=1, kernel=linear;, score=0.639 total time=   9.5s
[CV 1/5] END ......C=0.1, gamma=0.1, kernel=rbf;, score=0.504 total time=   9.7s
[CV 2/5] END ......C=0.1, gamma=0.1, kernel=rbf;, score=0.504 total time=   9.2s
[CV 3/5] END ......C=0.1, gamma=0.1, kernel=rbf;, score=0.504 total time=   8.9s
[CV 4/5] END ......C=0.1, gamma=0.1, kernel=rbf;, score=0.504 total time=   8.8s
[CV 5/5] END ......C=0.1, gamma=0.1, kernel=rbf;, score=0.504 total time=   8.8s
[CV 1/5] END ...C=0.1, gamma=0.1, kernel=linear;, score=0.683 total time=  10.3s
[CV 2/5] END ...C=0.1, gamma=0.1, kernel=linear;, score=0.589 total time=   9.3s
[CV 3/5] END ...C=0.1, gamma=0.1, kernel=linear;, score=0.670 total time=   9.1s
[CV 4/5] END ...C=0.1, gamma=0.1, kernel=linear;, score=0.644 total time=   9.1s
[CV 5/5] END ...C=0.1, gamma=0.1, kernel=linear;, score=0.639 total time=   8.9s
[CV 1/5] END .....C=0.1, gamma=0.01, kernel=rbf;, score=0.745 total time=  10.3s
[CV 2/5] END .....C=0.1, gamma=0.01, kernel=rbf;, score=0.614 total time=   9.0s
[CV 3/5] END .....C=0.1, gamma=0.01, kernel=rbf;, score=0.683 total time=   9.0s
[CV 4/5] END .....C=0.1, gamma=0.01, kernel=rbf;, score=0.617 total time=   9.1s
[CV 5/5] END .....C=0.1, gamma=0.01, kernel=rbf;, score=0.544 total time=   8.9s
[CV 1/5] END ..C=0.1, gamma=0.01, kernel=linear;, score=0.683 total time=  10.2s
[CV 2/5] END ..C=0.1, gamma=0.01, kernel=linear;, score=0.589 total time=   9.2s
[CV 3/5] END ..C=0.1, gamma=0.01, kernel=linear;, score=0.670 total time=   9.1s
[CV 4/5] END ..C=0.1, gamma=0.01, kernel=linear;, score=0.644 total time=   9.2s
[CV 5/5] END ..C=0.1, gamma=0.01, kernel=linear;, score=0.639 total time=   8.9s
[CV 1/5] END ....C=0.1, gamma=0.001, kernel=rbf;, score=0.610 total time=   9.9s
[CV 2/5] END ....C=0.1, gamma=0.001, kernel=rbf;, score=0.564 total time=   9.2s
[CV 3/5] END ....C=0.1, gamma=0.001, kernel=rbf;, score=0.579 total time=   9.0s
[CV 4/5] END ....C=0.1, gamma=0.001, kernel=rbf;, score=0.549 total time=   9.1s
[CV 5/5] END ....C=0.1, gamma=0.001, kernel=rbf;, score=0.607 total time=   9.2s
[CV 1/5] END .C=0.1, gamma=0.001, kernel=linear;, score=0.683 total time=  10.2s
[CV 2/5] END .C=0.1, gamma=0.001, kernel=linear;, score=0.589 total time=   9.3s
[CV 3/5] END .C=0.1, gamma=0.001, kernel=linear;, score=0.670 total time=   9.0s
[CV 4/5] END .C=0.1, gamma=0.001, kernel=linear;, score=0.644 total time=   9.1s
[CV 5/5] END .C=0.1, gamma=0.001, kernel=linear;, score=0.639 total time=   8.9s
[CV 1/5] END ...C=0.1, gamma=0.0001, kernel=rbf;, score=0.504 total time=   9.9s
[CV 2/5] END ...C=0.1, gamma=0.0001, kernel=rbf;, score=0.504 total time=   9.0s
[CV 3/5] END ...C=0.1, gamma=0.0001, kernel=rbf;, score=0.504 total time=   8.9s
[CV 4/5] END ...C=0.1, gamma=0.0001, kernel=rbf;, score=0.504 total time=   9.1s
[CV 5/5] END ...C=0.1, gamma=0.0001, kernel=rbf;, score=0.504 total time=   9.0s
[CV 1/5] END C=0.1, gamma=0.0001, kernel=linear;, score=0.683 total time=  10.3s
[CV 2/5] END C=0.1, gamma=0.0001, kernel=linear;, score=0.589 total time=   9.6s
[CV 3/5] END C=0.1, gamma=0.0001, kernel=linear;, score=0.670 total time=   9.3s
[CV 4/5] END C=0.1, gamma=0.0001, kernel=linear;, score=0.644 total time=   9.3s
[CV 5/5] END C=0.1, gamma=0.0001, kernel=linear;, score=0.639 total time=   9.2s
[CV 1/5] END ..........C=1, gamma=1, kernel=rbf;, score=0.891 total time=  13.1s
[CV 2/5] END ..........C=1, gamma=1, kernel=rbf;, score=0.543 total time=  13.1s
[CV 3/5] END ..........C=1, gamma=1, kernel=rbf;, score=0.807 total time=  12.3s
[CV 4/5] END ..........C=1, gamma=1, kernel=rbf;, score=0.741 total time=  13.3s
[CV 5/5] END ..........C=1, gamma=1, kernel=rbf;, score=0.504 total time=  15.4s
[CV 1/5] END .......C=1, gamma=1, kernel=linear;, score=0.681 total time=  27.2s
[CV 2/5] END .......C=1, gamma=1, kernel=linear;, score=0.594 total time=  26.4s
[CV 3/5] END .......C=1, gamma=1, kernel=linear;, score=0.669 total time=  25.0s
[CV 4/5] END .......C=1, gamma=1, kernel=linear;, score=0.645 total time=  25.9s
[CV 5/5] END .......C=1, gamma=1, kernel=linear;, score=0.640 total time=  22.9s
[CV 1/5] END ........C=1, gamma=0.1, kernel=rbf;, score=0.940 total time=  16.7s
[CV 2/5] END ........C=1, gamma=0.1, kernel=rbf;, score=0.616 total time=  14.2s
[CV 3/5] END ........C=1, gamma=0.1, kernel=rbf;, score=0.921 total time=  15.3s
[CV 4/5] END ........C=1, gamma=0.1, kernel=rbf;, score=0.759 total time=  14.9s
[CV 5/5] END ........C=1, gamma=0.1, kernel=rbf;, score=0.507 total time=  14.6s
[CV 1/5] END .....C=1, gamma=0.1, kernel=linear;, score=0.681 total time=  27.5s
[CV 2/5] END .....C=1, gamma=0.1, kernel=linear;, score=0.594 total time=  26.6s
[CV 3/5] END .....C=1, gamma=0.1, kernel=linear;, score=0.669 total time=  24.5s
[CV 4/5] END .....C=1, gamma=0.1, kernel=linear;, score=0.645 total time=  24.0s
[CV 5/5] END .....C=1, gamma=0.1, kernel=linear;, score=0.640 total time=  22.6s
[CV 1/5] END .......C=1, gamma=0.01, kernel=rbf;, score=0.964 total time=   9.1s
[CV 2/5] END .......C=1, gamma=0.01, kernel=rbf;, score=0.760 total time=   7.2s
[CV 3/5] END .......C=1, gamma=0.01, kernel=rbf;, score=0.972 total time=   8.1s
[CV 4/5] END .......C=1, gamma=0.01, kernel=rbf;, score=0.742 total time=   7.9s
[CV 5/5] END .......C=1, gamma=0.01, kernel=rbf;, score=0.750 total time=   7.1s
[CV 1/5] END ....C=1, gamma=0.01, kernel=linear;, score=0.681 total time=  27.5s
[CV 2/5] END ....C=1, gamma=0.01, kernel=linear;, score=0.594 total time=  26.5s
[CV 3/5] END ....C=1, gamma=0.01, kernel=linear;, score=0.669 total time=  24.4s
[CV 4/5] END ....C=1, gamma=0.01, kernel=linear;, score=0.645 total time=  23.6s
[CV 5/5] END ....C=1, gamma=0.01, kernel=linear;, score=0.640 total time=  22.4s
[CV 1/5] END ......C=1, gamma=0.001, kernel=rbf;, score=0.740 total time=   8.8s
[CV 2/5] END ......C=1, gamma=0.001, kernel=rbf;, score=0.630 total time=   7.9s
[CV 3/5] END ......C=1, gamma=0.001, kernel=rbf;, score=0.725 total time=   8.1s
[CV 4/5] END ......C=1, gamma=0.001, kernel=rbf;, score=0.619 total time=   7.8s
[CV 5/5] END ......C=1, gamma=0.001, kernel=rbf;, score=0.677 total time=   8.1s
[CV 1/5] END ...C=1, gamma=0.001, kernel=linear;, score=0.681 total time=  27.5s
[CV 2/5] END ...C=1, gamma=0.001, kernel=linear;, score=0.594 total time=  26.5s
[CV 3/5] END ...C=1, gamma=0.001, kernel=linear;, score=0.669 total time=  24.5s
[CV 4/5] END ...C=1, gamma=0.001, kernel=linear;, score=0.645 total time=  24.1s
[CV 5/5] END ...C=1, gamma=0.001, kernel=linear;, score=0.640 total time=  22.8s
[CV 1/5] END .....C=1, gamma=0.0001, kernel=rbf;, score=0.594 total time=   9.9s
[CV 2/5] END .....C=1, gamma=0.0001, kernel=rbf;, score=0.547 total time=   9.0s
[CV 3/5] END .....C=1, gamma=0.0001, kernel=rbf;, score=0.575 total time=   9.0s
[CV 4/5] END .....C=1, gamma=0.0001, kernel=rbf;, score=0.546 total time=   9.1s
[CV 5/5] END .....C=1, gamma=0.0001, kernel=rbf;, score=0.582 total time=   9.0s
[CV 1/5] END ..C=1, gamma=0.0001, kernel=linear;, score=0.681 total time=  27.4s
[CV 2/5] END ..C=1, gamma=0.0001, kernel=linear;, score=0.594 total time=  26.5s
[CV 3/5] END ..C=1, gamma=0.0001, kernel=linear;, score=0.669 total time=  24.4s
[CV 4/5] END ..C=1, gamma=0.0001, kernel=linear;, score=0.645 total time=  23.6s
[CV 5/5] END ..C=1, gamma=0.0001, kernel=linear;, score=0.640 total time=  22.6s
[CV 1/5] END .........C=10, gamma=1, kernel=rbf;, score=0.896 total time=  20.1s
[CV 2/5] END .........C=10, gamma=1, kernel=rbf;, score=0.544 total time=  18.1s
[CV 3/5] END .........C=10, gamma=1, kernel=rbf;, score=0.813 total time=  17.9s
[CV 4/5] END .........C=10, gamma=1, kernel=rbf;, score=0.750 total time=  18.4s
[CV 5/5] END .........C=10, gamma=1, kernel=rbf;, score=0.504 total time=  18.6s
[CV 1/5] END ......C=10, gamma=1, kernel=linear;, score=0.680 total time= 3.1min
[CV 2/5] END ......C=10, gamma=1, kernel=linear;, score=0.594 total time= 2.8min
[CV 3/5] END ......C=10, gamma=1, kernel=linear;, score=0.668 total time= 2.6min
[CV 4/5] END ......C=10, gamma=1, kernel=linear;, score=0.644 total time= 2.4min
[CV 5/5] END ......C=10, gamma=1, kernel=linear;, score=0.638 total time= 2.5min
[CV 1/5] END .......C=10, gamma=0.1, kernel=rbf;, score=0.945 total time=  21.1s
[CV 2/5] END .......C=10, gamma=0.1, kernel=rbf;, score=0.621 total time=  16.5s
[CV 3/5] END .......C=10, gamma=0.1, kernel=rbf;, score=0.930 total time=  18.4s
[CV 4/5] END .......C=10, gamma=0.1, kernel=rbf;, score=0.759 total time=  18.0s
[CV 5/5] END .......C=10, gamma=0.1, kernel=rbf;, score=0.511 total time=  17.1s
[CV 1/5] END ....C=10, gamma=0.1, kernel=linear;, score=0.680 total time= 3.1min
[CV 2/5] END ....C=10, gamma=0.1, kernel=linear;, score=0.594 total time= 2.8min
[CV 3/5] END ....C=10, gamma=0.1, kernel=linear;, score=0.668 total time= 2.6min
[CV 4/5] END ....C=10, gamma=0.1, kernel=linear;, score=0.644 total time= 2.4min
[CV 5/5] END ....C=10, gamma=0.1, kernel=linear;, score=0.638 total time= 2.4min
[CV 1/5] END ......C=10, gamma=0.01, kernel=rbf;, score=0.979 total time=  14.7s
[CV 2/5] END ......C=10, gamma=0.01, kernel=rbf;, score=0.775 total time=   9.5s
[CV 3/5] END ......C=10, gamma=0.01, kernel=rbf;, score=